UERANSIM v3.2.6
[2025-04-09 14:23:48.708] [sctp] [info] Trying to establish SCTP connection... (10.50.1.2:38412)
[2025-04-09 14:23:48.711] [sctp] [info] SCTP connection established (10.50.1.2:38412)
[2025-04-09 14:23:48.711] [sctp] [debug] SCTP association setup ascId[73]
[2025-04-09 14:23:48.711] [ngap] [debug] Sending NG Setup Request
[2025-04-09 14:23:48.717] [ngap] [debug] NG Setup Response received
[2025-04-09 14:23:48.718] [ngap] [info] NG Setup procedure is successful
[2025-04-09 14:23:48.750] [rrc] [debug] UE[1] new signal detected
[2025-04-09 14:23:48.751] [rrc] [debug] UE[2] new signal detected
[2025-04-09 14:23:48.751] [rrc] [debug] UE[3] new signal detected
[2025-04-09 14:23:48.751] [rrc] [debug] UE[4] new signal detected
[2025-04-09 14:23:48.751] [rrc] [debug] UE[5] new signal detected
[2025-04-09 14:23:48.751] [rrc] [debug] UE[6] new signal detected
[2025-04-09 14:23:48.752] [rrc] [debug] UE[7] new signal detected
[2025-04-09 14:23:48.752] [rrc] [debug] UE[8] new signal detected
[2025-04-09 14:23:48.753] [rrc] [debug] UE[9] new signal detected
[2025-04-09 14:23:48.753] [rrc] [debug] UE[10] new signal detected
[2025-04-09 14:23:48.761] [rrc] [info] RRC Setup for UE[10]
[2025-04-09 14:23:48.761] [ngap] [debug] Initial NAS message received from UE[10]
[2025-04-09 14:23:48.764] [rrc] [info] RRC Setup for UE[9]
[2025-04-09 14:23:48.765] [ngap] [debug] Initial NAS message received from UE[9]
[2025-04-09 14:23:48.767] [rrc] [info] RRC Setup for UE[8]
[2025-04-09 14:23:48.768] [ngap] [debug] Initial NAS message received from UE[8]
[2025-04-09 14:23:48.769] [rrc] [info] RRC Setup for UE[7]
[2025-04-09 14:23:48.770] [ngap] [debug] Initial NAS message received from UE[7]
[2025-04-09 14:23:48.775] [rrc] [info] RRC Setup for UE[4]
[2025-04-09 14:23:48.775] [rrc] [info] RRC Setup for UE[5]
[2025-04-09 14:23:48.776] [rrc] [info] RRC Setup for UE[6]
[2025-04-09 14:23:48.776] [ngap] [debug] Initial NAS message received from UE[5]
[2025-04-09 14:23:48.777] [ngap] [debug] Initial NAS message received from UE[4]
[2025-04-09 14:23:48.777] [ngap] [debug] Initial NAS message received from UE[6]
[2025-04-09 14:23:48.777] [rrc] [info] RRC Setup for UE[2]
[2025-04-09 14:23:48.778] [rrc] [info] RRC Setup for UE[1]
[2025-04-09 14:23:48.778] [rrc] [info] RRC Setup for UE[3]
[2025-04-09 14:23:48.778] [ngap] [debug] Initial NAS message received from UE[2]
[2025-04-09 14:23:48.779] [ngap] [debug] Initial NAS message received from UE[1]
[2025-04-09 14:23:48.779] [ngap] [debug] Initial NAS message received from UE[3]
[2025-04-09 14:23:48.806] [ngap] [debug] Initial Context Setup Request received
[2025-04-09 14:23:48.810] [ngap] [debug] Initial Context Setup Request received
[2025-04-09 14:23:48.823] [ngap] [debug] Initial Context Setup Request received
[2025-04-09 14:23:48.835] [ngap] [debug] Initial Context Setup Request received
[2025-04-09 14:23:48.841] [ngap] [debug] Initial Context Setup Request received
[2025-04-09 14:23:49.013] [ngap] [debug] Initial Context Setup Request received
[2025-04-09 14:23:49.020] [ngap] [debug] Initial Context Setup Request received
[2025-04-09 14:23:49.026] [ngap] [debug] Initial Context Setup Request received
[2025-04-09 14:23:49.026] [ngap] [debug] Initial Context Setup Request received
[2025-04-09 14:23:49.026] [ngap] [debug] Initial Context Setup Request received
[2025-04-09 14:23:49.315] [ngap] [info] PDU session resource(s) setup for UE[10] count[1]
[2025-04-09 14:23:49.325] [ngap] [info] PDU session resource(s) setup for UE[8] count[1]
[2025-04-09 14:23:49.328] [ngap] [info] PDU session resource(s) setup for UE[5] count[1]
[2025-04-09 14:23:49.330] [ngap] [info] PDU session resource(s) setup for UE[9] count[1]
[2025-04-09 14:23:49.333] [ngap] [info] PDU session resource(s) setup for UE[7] count[1]
[2025-04-09 14:23:49.365] [ngap] [info] PDU session resource(s) setup for UE[4] count[1]
[2025-04-09 14:23:49.394] [ngap] [info] PDU session resource(s) setup for UE[6] count[1]
[2025-04-09 14:23:49.574] [ngap] [info] PDU session resource(s) setup for UE[1] count[1]
[2025-04-09 14:23:49.604] [ngap] [info] PDU session resource(s) setup for UE[2] count[1]
[2025-04-09 14:23:49.624] [ngap] [info] PDU session resource(s) setup for UE[3] count[1]
[2025-04-09 14:24:35.522] [ngap] [info] PDU session resource(s) released for UE[10] count[1]
[2025-04-09 14:24:35.995] [ngap] [info] PDU session resource(s) setup for UE[10] count[1]
