Open5GS daemon v2.7.1

04/08 18:18:40.175: [app] INFO: Configuration: '/opt/open5gs/etc/open5gs/udm.yaml' (../lib/app/ogs-init.c:133)
04/08 18:18:40.175: [app] INFO: File Logging: '/opt/open5gs/var/log/open5gs/udm.log' (../lib/app/ogs-init.c:136)
04/08 18:18:40.177: [sbi] INFO: NF Service [nudm-ueau] (../lib/sbi/context.c:1841)
04/08 18:18:40.177: [sbi] INFO: NF Service [nudm-uecm] (../lib/sbi/context.c:1841)
04/08 18:18:40.177: [sbi] INFO: NF Service [nudm-sdm] (../lib/sbi/context.c:1841)
04/08 18:18:40.177: [sbi] INFO: nghttp2_server() [http://10.40.1.4]:8080 (../lib/sbi/nghttp2-server.c:414)
04/08 18:18:40.177: [app] INFO: UDM initialize...done (../src/udm/app.c:31)
04/08 18:18:40.178: [sbi] INFO: [e58b6eba-14a5-41f0-bba5-1b0a43304fa7] NF registered [Heartbeat:10s] (../lib/sbi/nf-sm.c:221)
04/08 18:18:40.179: [sbi] INFO: [e58bd35a-14a5-41f0-9ff9-090f4896244a] Subscription created until 2025-04-09T18:18:40.179090+00:00 [duration:86400,validity:86399.999560,patch:43199.999780] (../lib/sbi/nnrf-handler.c:813)
04/08 18:18:40.179: [sbi] INFO: [e58bdb7a-14a5-41f0-9ff9-090f4896244a] Subscription created until 2025-04-09T18:18:40.179295+00:00 [duration:86400,validity:86399.999731,patch:43199.999865] (../lib/sbi/nnrf-handler.c:813)
04/08 18:18:40.409: [sbi] INFO: (NRF-notify) NF registered [e5ae57ea-14a5-41f0-9c8e-ebd5ca6d7d98:1] (../lib/sbi/nnrf-handler.c:1058)
04/08 18:18:40.409: [sbi] INFO: [UDR] (NRF-notify) NF Profile updated [e5ae57ea-14a5-41f0-9c8e-ebd5ca6d7d98:1] (../lib/sbi/nnrf-handler.c:1072)
04/09 06:18:40.180: [udm] INFO: [e58bd35a-14a5-41f0-9ff9-090f4896244a] Need to update Subscription (../src/udm/udm-sm.c:507)
04/09 06:18:40.180: [udm] INFO: [e58bdb7a-14a5-41f0-9ff9-090f4896244a] Need to update Subscription (../src/udm/udm-sm.c:507)
04/09 06:18:40.181: [sbi] INFO: [e58bd35a-14a5-41f0-9ff9-090f4896244a] Subscription updated until 2025-04-10T06:18:40.181249+00:00 [duration:86400,validity:86399.999840,patch:43199.999920] (../lib/sbi/nnrf-handler.c:813)
04/09 06:18:40.181: [sbi] INFO: [e58bdb7a-14a5-41f0-9ff9-090f4896244a] Subscription updated until 2025-04-10T06:18:40.181312+00:00 [duration:86400,validity:86399.999860,patch:43199.999930] (../lib/sbi/nnrf-handler.c:813)
04/09 10:25:35.307: [sbi] INFO: GOAWAY received: last-stream-id=0 (../lib/sbi/nghttp2-server.c:1225)
04/09 10:25:35.307: [sbi] INFO: error_code=0 (../lib/sbi/nghttp2-server.c:1227)
04/09 10:25:35.307: [sbi] INFO: GOAWAY received: last-stream-id=0 (../lib/sbi/nghttp2-server.c:1225)
04/09 10:25:35.307: [sbi] INFO: error_code=0 (../lib/sbi/nghttp2-server.c:1227)
04/09 10:25:35.342: [sbi] INFO: GOAWAY received: last-stream-id=0 (../lib/sbi/nghttp2-server.c:1225)
04/09 10:25:35.342: [sbi] INFO: error_code=0 (../lib/sbi/nghttp2-server.c:1227)
04/09 10:25:35.402: [sbi] INFO: GOAWAY received: last-stream-id=0 (../lib/sbi/nghttp2-server.c:1225)
04/09 10:25:35.402: [sbi] INFO: error_code=0 (../lib/sbi/nghttp2-server.c:1227)
04/09 10:26:45.130: [sbi] INFO: GOAWAY received: last-stream-id=0 (../lib/sbi/nghttp2-server.c:1225)
04/09 10:26:45.131: [sbi] INFO: error_code=0 (../lib/sbi/nghttp2-server.c:1227)
04/09 10:26:45.162: [sbi] INFO: GOAWAY received: last-stream-id=0 (../lib/sbi/nghttp2-server.c:1225)
04/09 10:26:45.162: [sbi] INFO: error_code=0 (../lib/sbi/nghttp2-server.c:1227)
04/09 10:26:45.162: [sbi] INFO: GOAWAY received: last-stream-id=0 (../lib/sbi/nghttp2-server.c:1225)
04/09 10:26:45.162: [sbi] INFO: error_code=0 (../lib/sbi/nghttp2-server.c:1227)
04/09 10:26:45.202: [sbi] INFO: GOAWAY received: last-stream-id=0 (../lib/sbi/nghttp2-server.c:1225)
04/09 10:26:45.202: [sbi] INFO: error_code=0 (../lib/sbi/nghttp2-server.c:1227)
04/09 10:27:30.224: [sbi] INFO: GOAWAY received: last-stream-id=0 (../lib/sbi/nghttp2-server.c:1225)
04/09 10:27:30.224: [sbi] INFO: error_code=0 (../lib/sbi/nghttp2-server.c:1227)
04/09 10:27:30.224: [sbi] INFO: GOAWAY received: last-stream-id=0 (../lib/sbi/nghttp2-server.c:1225)
04/09 10:27:30.224: [sbi] INFO: error_code=0 (../lib/sbi/nghttp2-server.c:1227)
04/09 10:27:30.262: [sbi] INFO: GOAWAY received: last-stream-id=0 (../lib/sbi/nghttp2-server.c:1225)
04/09 10:27:30.262: [sbi] INFO: error_code=0 (../lib/sbi/nghttp2-server.c:1227)
04/09 10:27:30.302: [sbi] INFO: GOAWAY received: last-stream-id=0 (../lib/sbi/nghttp2-server.c:1225)
04/09 10:27:30.302: [sbi] INFO: error_code=0 (../lib/sbi/nghttp2-server.c:1227)
04/09 10:28:40.130: [sbi] INFO: GOAWAY received: last-stream-id=0 (../lib/sbi/nghttp2-server.c:1225)
04/09 10:28:40.130: [sbi] INFO: error_code=0 (../lib/sbi/nghttp2-server.c:1227)
04/09 10:28:40.130: [sbi] INFO: GOAWAY received: last-stream-id=0 (../lib/sbi/nghttp2-server.c:1225)
04/09 10:28:40.130: [sbi] INFO: error_code=0 (../lib/sbi/nghttp2-server.c:1227)
04/09 10:28:40.142: [sbi] INFO: GOAWAY received: last-stream-id=0 (../lib/sbi/nghttp2-server.c:1225)
04/09 10:28:40.142: [sbi] INFO: error_code=0 (../lib/sbi/nghttp2-server.c:1227)
04/09 10:28:40.142: [sbi] INFO: GOAWAY received: last-stream-id=0 (../lib/sbi/nghttp2-server.c:1225)
04/09 10:28:40.142: [sbi] INFO: error_code=0 (../lib/sbi/nghttp2-server.c:1227)
04/09 18:18:40.182: [udm] INFO: [e58bd35a-14a5-41f0-9ff9-090f4896244a] Need to update Subscription (../src/udm/udm-sm.c:507)
04/09 18:18:40.182: [udm] INFO: [e58bdb7a-14a5-41f0-9ff9-090f4896244a] Need to update Subscription (../src/udm/udm-sm.c:507)
04/09 18:18:40.182: [sbi] INFO: [e58bd35a-14a5-41f0-9ff9-090f4896244a] Subscription updated until 2025-04-10T18:18:40.182530+00:00 [duration:86400,validity:86399.999724,patch:43199.999862] (../lib/sbi/nnrf-handler.c:813)
04/09 18:18:40.182: [sbi] INFO: [e58bdb7a-14a5-41f0-9ff9-090f4896244a] Subscription updated until 2025-04-10T18:18:40.182603+00:00 [duration:86400,validity:86399.999746,patch:43199.999873] (../lib/sbi/nnrf-handler.c:813)
04/10 06:18:40.184: [udm] INFO: [e58bd35a-14a5-41f0-9ff9-090f4896244a] Need to update Subscription (../src/udm/udm-sm.c:507)
04/10 06:18:40.184: [udm] INFO: [e58bdb7a-14a5-41f0-9ff9-090f4896244a] Need to update Subscription (../src/udm/udm-sm.c:507)
04/10 06:18:40.185: [sbi] INFO: [e58bd35a-14a5-41f0-9ff9-090f4896244a] Subscription updated until 2025-04-11T06:18:40.184873+00:00 [duration:86400,validity:86399.999815,patch:43199.999907] (../lib/sbi/nnrf-handler.c:813)
04/10 06:18:40.185: [sbi] INFO: [e58bdb7a-14a5-41f0-9ff9-090f4896244a] Subscription updated until 2025-04-11T06:18:40.184939+00:00 [duration:86400,validity:86399.999837,patch:43199.999918] (../lib/sbi/nnrf-handler.c:813)
