UERANSIM v3.2.6
[2025-03-09 09:39:05.514] [206010000000018|nas] [info] UE switches to state [MM-DEREGISTERED/PLMN-SEARCH]
[2025-03-09 09:39:05.514] [206010000000016|nas] [info] UE switches to state [MM-DEREGISTERED/PLMN-SEARCH]
[2025-03-09 09:39:05.514] [206010000000013|nas] [info] UE switches to state [MM-DEREGISTERED/PLMN-SEARCH]
[2025-03-09 09:39:05.515] [206010000000014|nas] [info] UE switches to state [MM-DEREGISTERED/PLMN-SEARCH]
[2025-03-09 09:39:05.515] [206010000000011|nas] [info] UE switches to state [MM-DEREGISTERED/PLMN-SEARCH]
[2025-03-09 09:39:05.515] [206010000000010|nas] [info] UE switches to state [MM-DEREGISTERED/PLMN-SEARCH]
[2025-03-09 09:39:05.515] [206010000000015|nas] [info] UE switches to state [MM-DEREGISTERED/PLMN-SEARCH]
[2025-03-09 09:39:05.515] [206010000000012|nas] [info] UE switches to state [MM-DEREGISTERED/PLMN-SEARCH]
[2025-03-09 09:39:05.515] [206010000000009|nas] [info] UE switches to state [MM-DEREGISTERED/PLMN-SEARCH]
[2025-03-09 09:39:05.516] [206010000000016|rrc] [debug] New signal detected for cell[1], total [1] cells in coverage
[2025-03-09 09:39:05.516] [206010000000013|rrc] [debug] New signal detected for cell[1], total [1] cells in coverage
[2025-03-09 09:39:05.516] [206010000000017|nas] [info] UE switches to state [MM-DEREGISTERED/PLMN-SEARCH]
[2025-03-09 09:39:05.516] [206010000000011|rrc] [debug] New signal detected for cell[1], total [1] cells in coverage
[2025-03-09 09:39:05.516] [206010000000017|rrc] [debug] New signal detected for cell[1], total [1] cells in coverage
[2025-03-09 09:39:05.516] [206010000000010|rrc] [debug] New signal detected for cell[1], total [1] cells in coverage
[2025-03-09 09:39:05.516] [206010000000015|rrc] [debug] New signal detected for cell[1], total [1] cells in coverage
[2025-03-09 09:39:05.516] [206010000000009|rrc] [debug] New signal detected for cell[1], total [1] cells in coverage
[2025-03-09 09:39:05.519] [206010000000018|rrc] [debug] New signal detected for cell[1], total [1] cells in coverage
[2025-03-09 09:39:05.525] [206010000000012|rrc] [debug] New signal detected for cell[1], total [1] cells in coverage
[2025-03-09 09:39:05.530] [206010000000014|rrc] [debug] New signal detected for cell[1], total [1] cells in coverage
[2025-03-09 09:39:05.533] [206010000000009|nas] [info] Selected plmn[206/01]
[2025-03-09 09:39:05.533] [206010000000009|rrc] [info] Selected cell plmn[206/01] tac[1] category[SUITABLE]
[2025-03-09 09:39:05.533] [206010000000009|nas] [info] UE switches to state [MM-DEREGISTERED/PS]
[2025-03-09 09:39:05.533] [206010000000009|nas] [info] UE switches to state [MM-DEREGISTERED/NORMAL-SERVICE]
[2025-03-09 09:39:05.533] [206010000000009|nas] [debug] Initial registration required due to [MM-DEREG-NORMAL-SERVICE]
[2025-03-09 09:39:05.535] [206010000000009|nas] [debug] UAC access attempt is allowed for identity[0], category[MO_sig]
[2025-03-09 09:39:05.535] [206010000000009|nas] [debug] Sending Initial Registration
[2025-03-09 09:39:05.536] [206010000000016|nas] [info] Selected plmn[206/01]
[2025-03-09 09:39:05.536] [206010000000009|nas] [info] UE switches to state [MM-REGISTER-INITIATED]
[2025-03-09 09:39:05.537] [206010000000013|nas] [info] Selected plmn[206/01]
[2025-03-09 09:39:05.537] [206010000000012|nas] [info] Selected plmn[206/01]
[2025-03-09 09:39:05.537] [206010000000010|nas] [info] Selected plmn[206/01]
[2025-03-09 09:39:05.539] [206010000000015|nas] [info] Selected plmn[206/01]
[2025-03-09 09:39:05.542] [206010000000017|nas] [info] Selected plmn[206/01]
[2025-03-09 09:39:05.546] [206010000000013|rrc] [info] Selected cell plmn[206/01] tac[1] category[SUITABLE]
[2025-03-09 09:39:05.547] [206010000000014|nas] [info] Selected plmn[206/01]
[2025-03-09 09:39:05.547] [206010000000013|nas] [info] UE switches to state [MM-DEREGISTERED/PS]
[2025-03-09 09:39:05.547] [206010000000013|nas] [info] UE switches to state [MM-DEREGISTERED/NORMAL-SERVICE]
[2025-03-09 09:39:05.547] [206010000000013|nas] [debug] Initial registration required due to [MM-DEREG-NORMAL-SERVICE]
[2025-03-09 09:39:05.548] [206010000000017|rrc] [info] Selected cell plmn[206/01] tac[1] category[SUITABLE]
[2025-03-09 09:39:05.549] [206010000000016|rrc] [info] Selected cell plmn[206/01] tac[1] category[SUITABLE]
[2025-03-09 09:39:05.549] [206010000000016|nas] [info] UE switches to state [MM-DEREGISTERED/PS]
[2025-03-09 09:39:05.549] [206010000000016|nas] [info] UE switches to state [MM-DEREGISTERED/NORMAL-SERVICE]
[2025-03-09 09:39:05.549] [206010000000016|nas] [debug] Initial registration required due to [MM-DEREG-NORMAL-SERVICE]
[2025-03-09 09:39:05.552] [206010000000011|nas] [info] Selected plmn[206/01]
[2025-03-09 09:39:05.554] [206010000000011|rrc] [info] Selected cell plmn[206/01] tac[1] category[SUITABLE]
[2025-03-09 09:39:05.554] [206010000000011|nas] [info] UE switches to state [MM-DEREGISTERED/PS]
[2025-03-09 09:39:05.554] [206010000000011|nas] [info] UE switches to state [MM-DEREGISTERED/NORMAL-SERVICE]
[2025-03-09 09:39:05.554] [206010000000011|nas] [debug] Initial registration required due to [MM-DEREG-NORMAL-SERVICE]
[2025-03-09 09:39:05.557] [206010000000015|rrc] [info] Selected cell plmn[206/01] tac[1] category[SUITABLE]
[2025-03-09 09:39:05.557] [206010000000015|nas] [info] UE switches to state [MM-DEREGISTERED/PS]
[2025-03-09 09:39:05.557] [206010000000015|nas] [info] UE switches to state [MM-DEREGISTERED/NORMAL-SERVICE]
[2025-03-09 09:39:05.557] [206010000000015|nas] [debug] Initial registration required due to [MM-DEREG-NORMAL-SERVICE]
[2025-03-09 09:39:05.568] [206010000000016|nas] [debug] UAC access attempt is allowed for identity[0], category[MO_sig]
[2025-03-09 09:39:05.568] [206010000000016|nas] [debug] Sending Initial Registration
[2025-03-09 09:39:05.568] [206010000000016|nas] [info] UE switches to state [MM-REGISTER-INITIATED]
[2025-03-09 09:39:05.568] [206010000000016|rrc] [debug] Sending RRC Setup Request
[2025-03-09 09:39:05.568] [206010000000015|nas] [debug] UAC access attempt is allowed for identity[0], category[MO_sig]
[2025-03-09 09:39:05.568] [206010000000015|nas] [debug] Sending Initial Registration
[2025-03-09 09:39:05.568] [206010000000015|nas] [info] UE switches to state [MM-REGISTER-INITIATED]
[2025-03-09 09:39:05.568] [206010000000015|rrc] [debug] Sending RRC Setup Request
[2025-03-09 09:39:05.568] [206010000000017|nas] [info] UE switches to state [MM-DEREGISTERED/PS]
[2025-03-09 09:39:05.568] [206010000000017|nas] [info] UE switches to state [MM-DEREGISTERED/NORMAL-SERVICE]
[2025-03-09 09:39:05.569] [206010000000017|nas] [debug] Initial registration required due to [MM-DEREG-NORMAL-SERVICE]
[2025-03-09 09:39:05.569] [206010000000014|rrc] [info] Selected cell plmn[206/01] tac[1] category[SUITABLE]
[2025-03-09 09:39:05.569] [206010000000014|nas] [info] UE switches to state [MM-DEREGISTERED/PS]
[2025-03-09 09:39:05.569] [206010000000014|nas] [info] UE switches to state [MM-DEREGISTERED/NORMAL-SERVICE]
[2025-03-09 09:39:05.569] [206010000000014|nas] [debug] Initial registration required due to [MM-DEREG-NORMAL-SERVICE]
[2025-03-09 09:39:05.569] [206010000000017|nas] [debug] UAC access attempt is allowed for identity[0], category[MO_sig]
[2025-03-09 09:39:05.569] [206010000000017|nas] [debug] Sending Initial Registration
[2025-03-09 09:39:05.570] [206010000000017|nas] [info] UE switches to state [MM-REGISTER-INITIATED]
[2025-03-09 09:39:05.570] [206010000000017|rrc] [debug] Sending RRC Setup Request
[2025-03-09 09:39:05.580] [206010000000011|nas] [debug] UAC access attempt is allowed for identity[0], category[MO_sig]
[2025-03-09 09:39:05.580] [206010000000011|nas] [debug] Sending Initial Registration
[2025-03-09 09:39:05.580] [206010000000014|nas] [debug] UAC access attempt is allowed for identity[0], category[MO_sig]
[2025-03-09 09:39:05.580] [206010000000014|nas] [debug] Sending Initial Registration
[2025-03-09 09:39:05.581] [206010000000014|nas] [info] UE switches to state [MM-REGISTER-INITIATED]
[2025-03-09 09:39:05.581] [206010000000014|rrc] [debug] Sending RRC Setup Request
[2025-03-09 09:39:05.581] [206010000000010|rrc] [info] Selected cell plmn[206/01] tac[1] category[SUITABLE]
[2025-03-09 09:39:05.581] [206010000000010|nas] [info] UE switches to state [MM-DEREGISTERED/PS]
[2025-03-09 09:39:05.581] [206010000000010|nas] [info] UE switches to state [MM-DEREGISTERED/NORMAL-SERVICE]
[2025-03-09 09:39:05.581] [206010000000010|nas] [debug] Initial registration required due to [MM-DEREG-NORMAL-SERVICE]
[2025-03-09 09:39:05.587] [206010000000016|rrc] [info] RRC connection established
[2025-03-09 09:39:05.587] [206010000000016|rrc] [info] UE switches to state [RRC-CONNECTED]
[2025-03-09 09:39:05.587] [206010000000016|nas] [info] UE switches to state [CM-CONNECTED]
[2025-03-09 09:39:05.587] [206010000000017|rrc] [info] RRC connection established
[2025-03-09 09:39:05.587] [206010000000017|rrc] [info] UE switches to state [RRC-CONNECTED]
[2025-03-09 09:39:05.587] [206010000000017|nas] [info] UE switches to state [CM-CONNECTED]
[2025-03-09 09:39:05.587] [206010000000015|rrc] [info] RRC connection established
[2025-03-09 09:39:05.587] [206010000000015|rrc] [info] UE switches to state [RRC-CONNECTED]
[2025-03-09 09:39:05.587] [206010000000015|nas] [info] UE switches to state [CM-CONNECTED]
[2025-03-09 09:39:05.594] [206010000000018|nas] [info] Selected plmn[206/01]
[2025-03-09 09:39:05.594] [206010000000018|rrc] [info] Selected cell plmn[206/01] tac[1] category[SUITABLE]
[2025-03-09 09:39:05.594] [206010000000018|nas] [info] UE switches to state [MM-DEREGISTERED/PS]
[2025-03-09 09:39:05.594] [206010000000018|nas] [info] UE switches to state [MM-DEREGISTERED/NORMAL-SERVICE]
[2025-03-09 09:39:05.594] [206010000000018|nas] [debug] Initial registration required due to [MM-DEREG-NORMAL-SERVICE]
[2025-03-09 09:39:05.594] [206010000000018|nas] [debug] UAC access attempt is allowed for identity[0], category[MO_sig]
[2025-03-09 09:39:05.594] [206010000000018|nas] [debug] Sending Initial Registration
[2025-03-09 09:39:05.595] [206010000000018|nas] [info] UE switches to state [MM-REGISTER-INITIATED]
[2025-03-09 09:39:05.595] [206010000000018|rrc] [debug] Sending RRC Setup Request
[2025-03-09 09:39:05.595] [206010000000013|nas] [debug] UAC access attempt is allowed for identity[0], category[MO_sig]
[2025-03-09 09:39:05.595] [206010000000013|nas] [debug] Sending Initial Registration
[2025-03-09 09:39:05.595] [206010000000013|nas] [info] UE switches to state [MM-REGISTER-INITIATED]
[2025-03-09 09:39:05.595] [206010000000013|rrc] [debug] Sending RRC Setup Request
[2025-03-09 09:39:05.597] [206010000000009|rrc] [debug] Sending RRC Setup Request
[2025-03-09 09:39:05.599] [206010000000012|rrc] [info] Selected cell plmn[206/01] tac[1] category[SUITABLE]
[2025-03-09 09:39:05.599] [206010000000011|nas] [info] UE switches to state [MM-REGISTER-INITIATED]
[2025-03-09 09:39:05.599] [206010000000011|rrc] [debug] Sending RRC Setup Request
[2025-03-09 09:39:05.599] [206010000000010|nas] [debug] UAC access attempt is allowed for identity[0], category[MO_sig]
[2025-03-09 09:39:05.599] [206010000000010|nas] [debug] Sending Initial Registration
[2025-03-09 09:39:05.600] [206010000000010|nas] [info] UE switches to state [MM-REGISTER-INITIATED]
[2025-03-09 09:39:05.600] [206010000000010|rrc] [debug] Sending RRC Setup Request
[2025-03-09 09:39:05.600] [206010000000012|nas] [info] UE switches to state [MM-DEREGISTERED/PS]
[2025-03-09 09:39:05.600] [206010000000012|nas] [info] UE switches to state [MM-DEREGISTERED/NORMAL-SERVICE]
[2025-03-09 09:39:05.600] [206010000000012|nas] [debug] Initial registration required due to [MM-DEREG-NORMAL-SERVICE]
[2025-03-09 09:39:05.611] [206010000000018|rrc] [info] RRC connection established
[2025-03-09 09:39:05.611] [206010000000018|rrc] [info] UE switches to state [RRC-CONNECTED]
[2025-03-09 09:39:05.611] [206010000000013|rrc] [info] RRC connection established
[2025-03-09 09:39:05.611] [206010000000013|rrc] [info] UE switches to state [RRC-CONNECTED]
[2025-03-09 09:39:05.611] [206010000000018|nas] [info] UE switches to state [CM-CONNECTED]
[2025-03-09 09:39:05.611] [206010000000011|rrc] [info] RRC connection established
[2025-03-09 09:39:05.611] [206010000000011|rrc] [info] UE switches to state [RRC-CONNECTED]
[2025-03-09 09:39:05.611] [206010000000013|nas] [info] UE switches to state [CM-CONNECTED]
[2025-03-09 09:39:05.611] [206010000000010|rrc] [info] RRC connection established
[2025-03-09 09:39:05.611] [206010000000010|rrc] [info] UE switches to state [RRC-CONNECTED]
[2025-03-09 09:39:05.611] [206010000000011|nas] [info] UE switches to state [CM-CONNECTED]
[2025-03-09 09:39:05.611] [206010000000014|rrc] [info] RRC connection established
[2025-03-09 09:39:05.611] [206010000000014|rrc] [info] UE switches to state [RRC-CONNECTED]
[2025-03-09 09:39:05.611] [206010000000014|nas] [info] UE switches to state [CM-CONNECTED]
[2025-03-09 09:39:05.611] [206010000000010|nas] [info] UE switches to state [CM-CONNECTED]
[2025-03-09 09:39:05.611] [206010000000009|rrc] [info] RRC connection established
[2025-03-09 09:39:05.611] [206010000000009|rrc] [info] UE switches to state [RRC-CONNECTED]
[2025-03-09 09:39:05.611] [206010000000009|nas] [info] UE switches to state [CM-CONNECTED]
[2025-03-09 09:39:05.621] [206010000000012|nas] [debug] UAC access attempt is allowed for identity[0], category[MO_sig]
[2025-03-09 09:39:05.621] [206010000000012|nas] [debug] Sending Initial Registration
[2025-03-09 09:39:05.621] [206010000000012|nas] [info] UE switches to state [MM-REGISTER-INITIATED]
[2025-03-09 09:39:05.621] [206010000000012|rrc] [debug] Sending RRC Setup Request
[2025-03-09 09:39:05.622] [206010000000012|rrc] [info] RRC connection established
[2025-03-09 09:39:05.622] [206010000000012|rrc] [info] UE switches to state [RRC-CONNECTED]
[2025-03-09 09:39:05.622] [206010000000012|nas] [info] UE switches to state [CM-CONNECTED]
[2025-03-09 09:39:15.595] [206010000000016|nas] [error] Secured NAS message received while no security context
[2025-03-09 09:39:15.595] [206010000000016|nas] [warning] Sending MM Status with cause [MESSAGE_NOT_COMPATIBLE_WITH_PROTOCOL_STATE]
[2025-03-09 09:39:15.805] [206010000000017|nas] [error] Secured NAS message received while no security context
[2025-03-09 09:39:15.805] [206010000000017|nas] [warning] Sending MM Status with cause [MESSAGE_NOT_COMPATIBLE_WITH_PROTOCOL_STATE]
[2025-03-09 09:39:15.805] [206010000000013|nas] [error] Secured NAS message received while no security context
[2025-03-09 09:39:15.805] [206010000000013|nas] [warning] Sending MM Status with cause [MESSAGE_NOT_COMPATIBLE_WITH_PROTOCOL_STATE]
[2025-03-09 09:39:15.805] [206010000000011|nas] [error] Secured NAS message received while no security context
[2025-03-09 09:39:15.805] [206010000000011|nas] [warning] Sending MM Status with cause [MESSAGE_NOT_COMPATIBLE_WITH_PROTOCOL_STATE]
[2025-03-09 09:39:15.805] [206010000000015|nas] [error] Secured NAS message received while no security context
[2025-03-09 09:39:15.805] [206010000000015|nas] [warning] Sending MM Status with cause [MESSAGE_NOT_COMPATIBLE_WITH_PROTOCOL_STATE]
[2025-03-09 09:39:15.805] [206010000000009|nas] [error] Secured NAS message received while no security context
[2025-03-09 09:39:15.805] [206010000000009|nas] [warning] Sending MM Status with cause [MESSAGE_NOT_COMPATIBLE_WITH_PROTOCOL_STATE]
[2025-03-09 09:39:15.805] [206010000000010|nas] [error] Secured NAS message received while no security context
[2025-03-09 09:39:15.805] [206010000000010|nas] [warning] Sending MM Status with cause [MESSAGE_NOT_COMPATIBLE_WITH_PROTOCOL_STATE]
[2025-03-09 09:39:15.806] [206010000000018|nas] [error] Secured NAS message received while no security context
[2025-03-09 09:39:15.806] [206010000000018|nas] [warning] Sending MM Status with cause [MESSAGE_NOT_COMPATIBLE_WITH_PROTOCOL_STATE]
[2025-03-09 09:39:15.808] [206010000000014|nas] [error] Secured NAS message received while no security context
[2025-03-09 09:39:15.808] [206010000000014|nas] [warning] Sending MM Status with cause [MESSAGE_NOT_COMPATIBLE_WITH_PROTOCOL_STATE]
[2025-03-09 09:39:15.816] [206010000000012|nas] [error] Secured NAS message received while no security context
[2025-03-09 09:39:15.816] [206010000000012|nas] [warning] Sending MM Status with cause [MESSAGE_NOT_COMPATIBLE_WITH_PROTOCOL_STATE]
[2025-03-09 09:39:21.530] [206010000000018|nas] [debug] NAS timer[3510] expired [1]
[2025-03-09 09:39:21.530] [206010000000018|nas] [info] UE switches to state [MM-DEREGISTERED/PS]
[2025-03-09 09:39:21.530] [206010000000018|nas] [info] UE switches to state [5U2-NOT-UPDATED]
[2025-03-09 09:39:21.530] [206010000000018|nas] [info] Performing local release of NAS connection
[2025-03-09 09:39:21.530] [206010000000018|nas] [info] UE switches to state [MM-DEREGISTERED/ATTEMPTING-REGISTRATION]
[2025-03-09 09:39:21.530] [206010000000018|rrc] [info] UE switches to state [RRC-IDLE]
[2025-03-09 09:39:21.530] [206010000000016|nas] [debug] NAS timer[3510] expired [1]
[2025-03-09 09:39:21.530] [206010000000016|nas] [info] UE switches to state [MM-DEREGISTERED/PS]
[2025-03-09 09:39:21.530] [206010000000016|nas] [info] UE switches to state [5U2-NOT-UPDATED]
[2025-03-09 09:39:21.530] [206010000000016|nas] [info] Performing local release of NAS connection
[2025-03-09 09:39:21.530] [206010000000016|nas] [info] UE switches to state [MM-DEREGISTERED/ATTEMPTING-REGISTRATION]
[2025-03-09 09:39:21.530] [206010000000018|nas] [info] UE switches to state [CM-IDLE]
[2025-03-09 09:39:21.530] [206010000000016|rrc] [info] UE switches to state [RRC-IDLE]
[2025-03-09 09:39:21.530] [206010000000016|nas] [info] UE switches to state [CM-IDLE]
[2025-03-09 09:39:21.531] [206010000000012|nas] [debug] NAS timer[3510] expired [1]
[2025-03-09 09:39:21.531] [206010000000012|nas] [info] UE switches to state [MM-DEREGISTERED/PS]
[2025-03-09 09:39:21.531] [206010000000012|nas] [info] UE switches to state [5U2-NOT-UPDATED]
[2025-03-09 09:39:21.531] [206010000000012|nas] [info] Performing local release of NAS connection
[2025-03-09 09:39:21.531] [206010000000012|nas] [info] UE switches to state [MM-DEREGISTERED/ATTEMPTING-REGISTRATION]
[2025-03-09 09:39:21.531] [206010000000012|rrc] [info] UE switches to state [RRC-IDLE]
[2025-03-09 09:39:21.531] [206010000000012|nas] [info] UE switches to state [CM-IDLE]
[2025-03-09 09:39:21.533] [206010000000011|nas] [debug] NAS timer[3510] expired [1]
[2025-03-09 09:39:21.533] [206010000000014|nas] [debug] NAS timer[3510] expired [1]
[2025-03-09 09:39:21.533] [206010000000014|nas] [info] UE switches to state [MM-DEREGISTERED/PS]
[2025-03-09 09:39:21.533] [206010000000014|nas] [info] UE switches to state [5U2-NOT-UPDATED]
[2025-03-09 09:39:21.533] [206010000000014|nas] [info] Performing local release of NAS connection
[2025-03-09 09:39:21.533] [206010000000014|nas] [info] UE switches to state [MM-DEREGISTERED/ATTEMPTING-REGISTRATION]
[2025-03-09 09:39:21.533] [206010000000014|rrc] [info] UE switches to state [RRC-IDLE]
[2025-03-09 09:39:21.533] [206010000000009|nas] [debug] NAS timer[3510] expired [1]
[2025-03-09 09:39:21.533] [206010000000009|nas] [info] UE switches to state [MM-DEREGISTERED/PS]
[2025-03-09 09:39:21.533] [206010000000009|nas] [info] UE switches to state [5U2-NOT-UPDATED]
[2025-03-09 09:39:21.533] [206010000000009|nas] [info] Performing local release of NAS connection
[2025-03-09 09:39:21.533] [206010000000009|nas] [info] UE switches to state [MM-DEREGISTERED/ATTEMPTING-REGISTRATION]
[2025-03-09 09:39:21.533] [206010000000009|rrc] [info] UE switches to state [RRC-IDLE]
[2025-03-09 09:39:21.533] [206010000000014|nas] [info] UE switches to state [CM-IDLE]
[2025-03-09 09:39:21.533] [206010000000009|nas] [info] UE switches to state [CM-IDLE]
[2025-03-09 09:39:21.533] [206010000000010|nas] [debug] NAS timer[3510] expired [1]
[2025-03-09 09:39:21.533] [206010000000010|nas] [info] UE switches to state [MM-DEREGISTERED/PS]
[2025-03-09 09:39:21.533] [206010000000010|nas] [info] UE switches to state [5U2-NOT-UPDATED]
[2025-03-09 09:39:21.533] [206010000000010|nas] [info] Performing local release of NAS connection
[2025-03-09 09:39:21.533] [206010000000010|nas] [info] UE switches to state [MM-DEREGISTERED/ATTEMPTING-REGISTRATION]
[2025-03-09 09:39:21.533] [206010000000010|rrc] [info] UE switches to state [RRC-IDLE]
[2025-03-09 09:39:21.533] [206010000000011|nas] [info] UE switches to state [MM-DEREGISTERED/PS]
[2025-03-09 09:39:21.533] [206010000000011|nas] [info] UE switches to state [5U2-NOT-UPDATED]
[2025-03-09 09:39:21.533] [206010000000011|nas] [info] Performing local release of NAS connection
[2025-03-09 09:39:21.533] [206010000000011|nas] [info] UE switches to state [MM-DEREGISTERED/ATTEMPTING-REGISTRATION]
[2025-03-09 09:39:21.533] [206010000000011|rrc] [info] UE switches to state [RRC-IDLE]
[2025-03-09 09:39:21.533] [206010000000010|nas] [info] UE switches to state [CM-IDLE]
[2025-03-09 09:39:21.533] [206010000000011|nas] [info] UE switches to state [CM-IDLE]
[2025-03-09 09:39:21.537] [206010000000017|nas] [debug] NAS timer[3510] expired [1]
[2025-03-09 09:39:21.537] [206010000000017|nas] [info] UE switches to state [MM-DEREGISTERED/PS]
[2025-03-09 09:39:21.537] [206010000000017|nas] [info] UE switches to state [5U2-NOT-UPDATED]
[2025-03-09 09:39:21.537] [206010000000017|nas] [info] Performing local release of NAS connection
[2025-03-09 09:39:21.537] [206010000000017|nas] [info] UE switches to state [MM-DEREGISTERED/ATTEMPTING-REGISTRATION]
[2025-03-09 09:39:21.537] [206010000000017|rrc] [info] UE switches to state [RRC-IDLE]
[2025-03-09 09:39:21.537] [206010000000017|nas] [info] UE switches to state [CM-IDLE]
[2025-03-09 09:39:21.539] [206010000000013|nas] [debug] NAS timer[3510] expired [1]
[2025-03-09 09:39:21.539] [206010000000013|nas] [info] UE switches to state [MM-DEREGISTERED/PS]
[2025-03-09 09:39:21.539] [206010000000013|nas] [info] UE switches to state [5U2-NOT-UPDATED]
[2025-03-09 09:39:21.539] [206010000000013|nas] [info] Performing local release of NAS connection
[2025-03-09 09:39:21.539] [206010000000013|nas] [info] UE switches to state [MM-DEREGISTERED/ATTEMPTING-REGISTRATION]
[2025-03-09 09:39:21.539] [206010000000013|rrc] [info] UE switches to state [RRC-IDLE]
[2025-03-09 09:39:21.539] [206010000000013|nas] [info] UE switches to state [CM-IDLE]
[2025-03-09 09:39:21.567] [206010000000015|nas] [debug] NAS timer[3510] expired [1]
[2025-03-09 09:39:21.567] [206010000000015|nas] [info] UE switches to state [MM-DEREGISTERED/PS]
[2025-03-09 09:39:21.567] [206010000000015|nas] [info] UE switches to state [5U2-NOT-UPDATED]
[2025-03-09 09:39:21.567] [206010000000015|nas] [info] Performing local release of NAS connection
[2025-03-09 09:39:21.567] [206010000000015|nas] [info] UE switches to state [MM-DEREGISTERED/ATTEMPTING-REGISTRATION]
[2025-03-09 09:39:21.567] [206010000000015|rrc] [info] UE switches to state [RRC-IDLE]
[2025-03-09 09:39:21.567] [206010000000015|nas] [info] UE switches to state [CM-IDLE]
[2025-03-09 09:39:31.540] [206010000000018|nas] [debug] NAS timer[3511] expired [1]
[2025-03-09 09:39:31.540] [206010000000018|nas] [debug] Initial registration required due to [T3511-EXPIRY-IN-ATT-REG]
[2025-03-09 09:39:31.541] [206010000000012|nas] [debug] NAS timer[3511] expired [1]
[2025-03-09 09:39:31.541] [206010000000012|nas] [debug] Initial registration required due to [T3511-EXPIRY-IN-ATT-REG]
[2025-03-09 09:39:31.541] [206010000000012|nas] [debug] UAC access attempt is allowed for identity[0], category[MO_sig]
[2025-03-09 09:39:31.541] [206010000000012|nas] [debug] Sending Initial Registration
[2025-03-09 09:39:31.541] [206010000000012|nas] [info] UE switches to state [MM-REGISTER-INITIATED]
[2025-03-09 09:39:31.541] [206010000000012|rrc] [debug] Sending RRC Setup Request
[2025-03-09 09:39:31.544] [206010000000011|nas] [debug] NAS timer[3511] expired [1]
[2025-03-09 09:39:31.544] [206010000000011|nas] [debug] Initial registration required due to [T3511-EXPIRY-IN-ATT-REG]
[2025-03-09 09:39:31.548] [206010000000016|nas] [debug] NAS timer[3511] expired [1]
[2025-03-09 09:39:31.548] [206010000000016|nas] [debug] Initial registration required due to [T3511-EXPIRY-IN-ATT-REG]
[2025-03-09 09:39:31.548] [206010000000016|nas] [debug] UAC access attempt is allowed for identity[0], category[MO_sig]
[2025-03-09 09:39:31.548] [206010000000016|nas] [debug] Sending Initial Registration
[2025-03-09 09:39:31.548] [206010000000016|nas] [info] UE switches to state [MM-REGISTER-INITIATED]
[2025-03-09 09:39:31.548] [206010000000016|rrc] [debug] Sending RRC Setup Request
[2025-03-09 09:39:31.548] [206010000000017|nas] [debug] NAS timer[3511] expired [1]
[2025-03-09 09:39:31.548] [206010000000017|nas] [debug] Initial registration required due to [T3511-EXPIRY-IN-ATT-REG]
[2025-03-09 09:39:31.548] [206010000000016|rrc] [info] RRC connection established
[2025-03-09 09:39:31.548] [206010000000016|rrc] [info] UE switches to state [RRC-CONNECTED]
[2025-03-09 09:39:31.548] [206010000000016|nas] [info] UE switches to state [CM-CONNECTED]
[2025-03-09 09:39:31.548] [206010000000009|nas] [debug] NAS timer[3511] expired [1]
[2025-03-09 09:39:31.548] [206010000000009|nas] [debug] Initial registration required due to [T3511-EXPIRY-IN-ATT-REG]
[2025-03-09 09:39:31.559] [206010000000014|nas] [debug] NAS timer[3511] expired [1]
[2025-03-09 09:39:31.559] [206010000000014|nas] [debug] Initial registration required due to [T3511-EXPIRY-IN-ATT-REG]
[2025-03-09 09:39:31.559] [206010000000017|nas] [debug] UAC access attempt is allowed for identity[0], category[MO_sig]
[2025-03-09 09:39:31.559] [206010000000017|nas] [debug] Sending Initial Registration
[2025-03-09 09:39:31.560] [206010000000017|nas] [info] UE switches to state [MM-REGISTER-INITIATED]
[2025-03-09 09:39:31.560] [206010000000014|nas] [debug] UAC access attempt is allowed for identity[0], category[MO_sig]
[2025-03-09 09:39:31.560] [206010000000014|nas] [debug] Sending Initial Registration
[2025-03-09 09:39:31.560] [206010000000014|nas] [info] UE switches to state [MM-REGISTER-INITIATED]
[2025-03-09 09:39:31.560] [206010000000014|rrc] [debug] Sending RRC Setup Request
[2025-03-09 09:39:31.560] [206010000000017|rrc] [debug] Sending RRC Setup Request
[2025-03-09 09:39:31.560] [206010000000013|nas] [debug] NAS timer[3511] expired [1]
[2025-03-09 09:39:31.560] [206010000000013|nas] [debug] Initial registration required due to [T3511-EXPIRY-IN-ATT-REG]
[2025-03-09 09:39:31.560] [206010000000013|nas] [debug] UAC access attempt is allowed for identity[0], category[MO_sig]
[2025-03-09 09:39:31.560] [206010000000013|nas] [debug] Sending Initial Registration
[2025-03-09 09:39:31.560] [206010000000013|nas] [info] UE switches to state [MM-REGISTER-INITIATED]
[2025-03-09 09:39:31.560] [206010000000013|rrc] [debug] Sending RRC Setup Request
[2025-03-09 09:39:31.560] [206010000000011|nas] [debug] UAC access attempt is allowed for identity[0], category[MO_sig]
[2025-03-09 09:39:31.560] [206010000000011|nas] [debug] Sending Initial Registration
[2025-03-09 09:39:31.560] [206010000000011|nas] [info] UE switches to state [MM-REGISTER-INITIATED]
[2025-03-09 09:39:31.560] [206010000000017|rrc] [info] RRC connection established
[2025-03-09 09:39:31.560] [206010000000017|rrc] [info] UE switches to state [RRC-CONNECTED]
[2025-03-09 09:39:31.560] [206010000000011|rrc] [debug] Sending RRC Setup Request
[2025-03-09 09:39:31.560] [206010000000013|rrc] [info] RRC connection established
[2025-03-09 09:39:31.560] [206010000000013|rrc] [info] UE switches to state [RRC-CONNECTED]
[2025-03-09 09:39:31.560] [206010000000018|nas] [debug] UAC access attempt is allowed for identity[0], category[MO_sig]
[2025-03-09 09:39:31.560] [206010000000018|nas] [debug] Sending Initial Registration
[2025-03-09 09:39:31.560] [206010000000017|nas] [info] UE switches to state [CM-CONNECTED]
[2025-03-09 09:39:31.560] [206010000000018|nas] [info] UE switches to state [MM-REGISTER-INITIATED]
[2025-03-09 09:39:31.560] [206010000000018|rrc] [debug] Sending RRC Setup Request
[2025-03-09 09:39:31.560] [206010000000011|rrc] [info] RRC connection established
[2025-03-09 09:39:31.560] [206010000000011|rrc] [info] UE switches to state [RRC-CONNECTED]
[2025-03-09 09:39:31.560] [206010000000013|nas] [info] UE switches to state [CM-CONNECTED]
[2025-03-09 09:39:31.560] [206010000000011|nas] [info] UE switches to state [CM-CONNECTED]
[2025-03-09 09:39:31.560] [206010000000009|nas] [debug] UAC access attempt is allowed for identity[0], category[MO_sig]
[2025-03-09 09:39:31.560] [206010000000009|nas] [debug] Sending Initial Registration
[2025-03-09 09:39:31.560] [206010000000014|rrc] [info] RRC connection established
[2025-03-09 09:39:31.560] [206010000000012|rrc] [info] RRC connection established
[2025-03-09 09:39:31.560] [206010000000012|rrc] [info] UE switches to state [RRC-CONNECTED]
[2025-03-09 09:39:31.561] [206010000000012|nas] [info] UE switches to state [CM-CONNECTED]
[2025-03-09 09:39:31.561] [206010000000014|rrc] [info] UE switches to state [RRC-CONNECTED]
[2025-03-09 09:39:31.561] [206010000000014|nas] [info] UE switches to state [CM-CONNECTED]
[2025-03-09 09:39:31.561] [206010000000009|nas] [info] UE switches to state [MM-REGISTER-INITIATED]
[2025-03-09 09:39:31.561] [206010000000009|rrc] [debug] Sending RRC Setup Request
[2025-03-09 09:39:31.561] [206010000000018|rrc] [info] RRC connection established
[2025-03-09 09:39:31.561] [206010000000018|rrc] [info] UE switches to state [RRC-CONNECTED]
[2025-03-09 09:39:31.561] [206010000000018|nas] [info] UE switches to state [CM-CONNECTED]
[2025-03-09 09:39:31.563] [206010000000010|nas] [debug] NAS timer[3511] expired [1]
[2025-03-09 09:39:31.563] [206010000000010|nas] [debug] Initial registration required due to [T3511-EXPIRY-IN-ATT-REG]
[2025-03-09 09:39:31.566] [206010000000010|nas] [debug] UAC access attempt is allowed for identity[0], category[MO_sig]
[2025-03-09 09:39:31.566] [206010000000010|nas] [debug] Sending Initial Registration
[2025-03-09 09:39:31.567] [206010000000010|nas] [info] UE switches to state [MM-REGISTER-INITIATED]
[2025-03-09 09:39:31.567] [206010000000010|rrc] [debug] Sending RRC Setup Request
[2025-03-09 09:39:31.570] [206010000000009|rrc] [info] RRC connection established
[2025-03-09 09:39:31.570] [206010000000009|rrc] [info] UE switches to state [RRC-CONNECTED]
[2025-03-09 09:39:31.570] [206010000000009|nas] [info] UE switches to state [CM-CONNECTED]
[2025-03-09 09:39:31.573] [206010000000016|nas] [debug] Authentication Request received
[2025-03-09 09:39:31.577] [206010000000015|nas] [debug] NAS timer[3511] expired [1]
[2025-03-09 09:39:31.577] [206010000000015|nas] [debug] Initial registration required due to [T3511-EXPIRY-IN-ATT-REG]
[2025-03-09 09:39:31.579] [206010000000010|rrc] [info] RRC connection established
[2025-03-09 09:39:31.579] [206010000000010|rrc] [info] UE switches to state [RRC-CONNECTED]
[2025-03-09 09:39:31.579] [206010000000010|nas] [info] UE switches to state [CM-CONNECTED]
[2025-03-09 09:39:31.581] [206010000000015|nas] [debug] UAC access attempt is allowed for identity[0], category[MO_sig]
[2025-03-09 09:39:31.581] [206010000000015|nas] [debug] Sending Initial Registration
[2025-03-09 09:39:31.581] [206010000000015|nas] [info] UE switches to state [MM-REGISTER-INITIATED]
[2025-03-09 09:39:31.581] [206010000000015|rrc] [debug] Sending RRC Setup Request
[2025-03-09 09:39:31.583] [206010000000015|rrc] [info] RRC connection established
[2025-03-09 09:39:31.583] [206010000000015|rrc] [info] UE switches to state [RRC-CONNECTED]
[2025-03-09 09:39:31.583] [206010000000015|nas] [info] UE switches to state [CM-CONNECTED]
[2025-03-09 09:39:31.583] [206010000000017|nas] [debug] Authentication Request received
[2025-03-09 09:39:31.583] [206010000000011|nas] [debug] Authentication Request received
[2025-03-09 09:39:31.583] [206010000000018|nas] [debug] Authentication Request received
[2025-03-09 09:39:31.584] [206010000000013|nas] [debug] Authentication Request received
[2025-03-09 09:39:31.590] [206010000000012|nas] [debug] Authentication Request received
[2025-03-09 09:39:31.594] [206010000000014|nas] [debug] Authentication Request received
[2025-03-09 09:39:31.598] [206010000000016|nas] [debug] Security Mode Command received
[2025-03-09 09:39:31.598] [206010000000016|nas] [debug] Selected integrity[2] ciphering[0]
[2025-03-09 09:39:31.598] [206010000000015|nas] [debug] Authentication Request received
[2025-03-09 09:39:31.608] [206010000000009|nas] [debug] Authentication Request received
[2025-03-09 09:39:31.610] [206010000000017|nas] [debug] Security Mode Command received
[2025-03-09 09:39:31.610] [206010000000011|nas] [debug] Security Mode Command received
[2025-03-09 09:39:31.610] [206010000000017|nas] [debug] Selected integrity[2] ciphering[0]
[2025-03-09 09:39:31.610] [206010000000011|nas] [debug] Selected integrity[2] ciphering[0]
[2025-03-09 09:39:31.611] [206010000000013|nas] [debug] Security Mode Command received
[2025-03-09 09:39:31.611] [206010000000013|nas] [debug] Selected integrity[2] ciphering[0]
[2025-03-09 09:39:31.611] [206010000000012|nas] [debug] Security Mode Command received
[2025-03-09 09:39:31.611] [206010000000012|nas] [debug] Selected integrity[2] ciphering[0]
[2025-03-09 09:39:31.622] [206010000000015|nas] [debug] Security Mode Command received
[2025-03-09 09:39:31.622] [206010000000015|nas] [debug] Selected integrity[2] ciphering[0]
[2025-03-09 09:39:31.622] [206010000000009|nas] [debug] Security Mode Command received
[2025-03-09 09:39:31.622] [206010000000014|nas] [debug] Security Mode Command received
[2025-03-09 09:39:31.622] [206010000000009|nas] [debug] Selected integrity[2] ciphering[0]
[2025-03-09 09:39:31.623] [206010000000014|nas] [debug] Selected integrity[2] ciphering[0]
[2025-03-09 09:39:31.633] [206010000000010|nas] [debug] Authentication Request received
[2025-03-09 09:39:31.634] [206010000000018|nas] [debug] Security Mode Command received
[2025-03-09 09:39:31.634] [206010000000018|nas] [debug] Selected integrity[2] ciphering[0]
[2025-03-09 09:39:31.659] [206010000000016|nas] [debug] Registration accept received
[2025-03-09 09:39:31.659] [206010000000016|nas] [info] UE switches to state [MM-REGISTERED/NORMAL-SERVICE]
[2025-03-09 09:39:31.659] [206010000000016|nas] [info] UE switches to state [5U1-UPDATED]
[2025-03-09 09:39:31.659] [206010000000016|nas] [debug] Sending Registration Complete
[2025-03-09 09:39:31.659] [206010000000016|nas] [info] Initial Registration is successful
[2025-03-09 09:39:31.659] [206010000000016|nas] [debug] Sending PDU Session Establishment Request
[2025-03-09 09:39:31.659] [206010000000016|nas] [debug] UAC access attempt is allowed for identity[0], category[MO_sig]
[2025-03-09 09:39:31.663] [206010000000016|nas] [debug] Configuration Update Command received
[2025-03-09 09:39:31.663] [206010000000010|nas] [debug] Security Mode Command received
[2025-03-09 09:39:31.663] [206010000000010|nas] [debug] Selected integrity[2] ciphering[0]
[2025-03-09 09:39:31.669] [206010000000012|nas] [debug] Registration accept received
[2025-03-09 09:39:31.669] [206010000000012|nas] [info] UE switches to state [MM-REGISTERED/NORMAL-SERVICE]
[2025-03-09 09:39:31.669] [206010000000012|nas] [info] UE switches to state [5U1-UPDATED]
[2025-03-09 09:39:31.669] [206010000000012|nas] [debug] Sending Registration Complete
[2025-03-09 09:39:31.669] [206010000000012|nas] [info] Initial Registration is successful
[2025-03-09 09:39:31.669] [206010000000012|nas] [debug] Sending PDU Session Establishment Request
[2025-03-09 09:39:31.669] [206010000000012|nas] [debug] UAC access attempt is allowed for identity[0], category[MO_sig]
[2025-03-09 09:39:31.674] [206010000000013|nas] [debug] Registration accept received
[2025-03-09 09:39:31.674] [206010000000013|nas] [info] UE switches to state [MM-REGISTERED/NORMAL-SERVICE]
[2025-03-09 09:39:31.674] [206010000000013|nas] [info] UE switches to state [5U1-UPDATED]
[2025-03-09 09:39:31.674] [206010000000013|nas] [debug] Sending Registration Complete
[2025-03-09 09:39:31.674] [206010000000013|nas] [info] Initial Registration is successful
[2025-03-09 09:39:31.674] [206010000000013|nas] [debug] Sending PDU Session Establishment Request
[2025-03-09 09:39:31.674] [206010000000013|nas] [debug] UAC access attempt is allowed for identity[0], category[MO_sig]
[2025-03-09 09:39:31.674] [206010000000017|nas] [debug] Registration accept received
[2025-03-09 09:39:31.674] [206010000000017|nas] [info] UE switches to state [MM-REGISTERED/NORMAL-SERVICE]
[2025-03-09 09:39:31.674] [206010000000017|nas] [info] UE switches to state [5U1-UPDATED]
[2025-03-09 09:39:31.674] [206010000000017|nas] [debug] Sending Registration Complete
[2025-03-09 09:39:31.674] [206010000000017|nas] [info] Initial Registration is successful
[2025-03-09 09:39:31.674] [206010000000017|nas] [debug] Sending PDU Session Establishment Request
[2025-03-09 09:39:31.674] [206010000000009|nas] [debug] Registration accept received
[2025-03-09 09:39:31.674] [206010000000017|nas] [debug] UAC access attempt is allowed for identity[0], category[MO_sig]
[2025-03-09 09:39:31.674] [206010000000009|nas] [info] UE switches to state [MM-REGISTERED/NORMAL-SERVICE]
[2025-03-09 09:39:31.675] [206010000000012|nas] [debug] Configuration Update Command received
[2025-03-09 09:39:31.675] [206010000000009|nas] [info] UE switches to state [5U1-UPDATED]
[2025-03-09 09:39:31.675] [206010000000009|nas] [debug] Sending Registration Complete
[2025-03-09 09:39:31.675] [206010000000009|nas] [info] Initial Registration is successful
[2025-03-09 09:39:31.675] [206010000000009|nas] [debug] Sending PDU Session Establishment Request
[2025-03-09 09:39:31.675] [206010000000011|nas] [debug] Registration accept received
[2025-03-09 09:39:31.675] [206010000000011|nas] [info] UE switches to state [MM-REGISTERED/NORMAL-SERVICE]
[2025-03-09 09:39:31.675] [206010000000011|nas] [info] UE switches to state [5U1-UPDATED]
[2025-03-09 09:39:31.675] [206010000000011|nas] [debug] Sending Registration Complete
[2025-03-09 09:39:31.675] [206010000000011|nas] [info] Initial Registration is successful
[2025-03-09 09:39:31.675] [206010000000011|nas] [debug] Sending PDU Session Establishment Request
[2025-03-09 09:39:31.675] [206010000000011|nas] [debug] UAC access attempt is allowed for identity[0], category[MO_sig]
[2025-03-09 09:39:31.675] [206010000000015|nas] [debug] Registration accept received
[2025-03-09 09:39:31.675] [206010000000015|nas] [info] UE switches to state [MM-REGISTERED/NORMAL-SERVICE]
[2025-03-09 09:39:31.675] [206010000000015|nas] [info] UE switches to state [5U1-UPDATED]
[2025-03-09 09:39:31.675] [206010000000015|nas] [debug] Sending Registration Complete
[2025-03-09 09:39:31.675] [206010000000015|nas] [info] Initial Registration is successful
[2025-03-09 09:39:31.675] [206010000000015|nas] [debug] Sending PDU Session Establishment Request
[2025-03-09 09:39:31.676] [206010000000015|nas] [debug] UAC access attempt is allowed for identity[0], category[MO_sig]
[2025-03-09 09:39:31.677] [206010000000014|nas] [debug] Registration accept received
[2025-03-09 09:39:31.677] [206010000000014|nas] [info] UE switches to state [MM-REGISTERED/NORMAL-SERVICE]
[2025-03-09 09:39:31.677] [206010000000014|nas] [info] UE switches to state [5U1-UPDATED]
[2025-03-09 09:39:31.677] [206010000000014|nas] [debug] Sending Registration Complete
[2025-03-09 09:39:31.677] [206010000000014|nas] [info] Initial Registration is successful
[2025-03-09 09:39:31.677] [206010000000014|nas] [debug] Sending PDU Session Establishment Request
[2025-03-09 09:39:31.680] [206010000000009|nas] [debug] UAC access attempt is allowed for identity[0], category[MO_sig]
[2025-03-09 09:39:31.681] [206010000000014|nas] [debug] UAC access attempt is allowed for identity[0], category[MO_sig]
[2025-03-09 09:39:31.681] [206010000000013|nas] [debug] Configuration Update Command received
[2025-03-09 09:39:31.682] [206010000000017|nas] [debug] Configuration Update Command received
[2025-03-09 09:39:31.682] [206010000000018|nas] [debug] Registration accept received
[2025-03-09 09:39:31.682] [206010000000018|nas] [info] UE switches to state [MM-REGISTERED/NORMAL-SERVICE]
[2025-03-09 09:39:31.682] [206010000000018|nas] [info] UE switches to state [5U1-UPDATED]
[2025-03-09 09:39:31.682] [206010000000018|nas] [debug] Sending Registration Complete
[2025-03-09 09:39:31.682] [206010000000018|nas] [info] Initial Registration is successful
[2025-03-09 09:39:31.682] [206010000000010|nas] [debug] Registration accept received
[2025-03-09 09:39:31.682] [206010000000010|nas] [info] UE switches to state [MM-REGISTERED/NORMAL-SERVICE]
[2025-03-09 09:39:31.682] [206010000000010|nas] [info] UE switches to state [5U1-UPDATED]
[2025-03-09 09:39:31.682] [206010000000010|nas] [debug] Sending Registration Complete
[2025-03-09 09:39:31.682] [206010000000010|nas] [info] Initial Registration is successful
[2025-03-09 09:39:31.682] [206010000000018|nas] [debug] Sending PDU Session Establishment Request
[2025-03-09 09:39:31.682] [206010000000010|nas] [debug] Sending PDU Session Establishment Request
[2025-03-09 09:39:31.682] [206010000000010|nas] [debug] UAC access attempt is allowed for identity[0], category[MO_sig]
[2025-03-09 09:39:31.684] [206010000000018|nas] [debug] UAC access attempt is allowed for identity[0], category[MO_sig]
[2025-03-09 09:39:31.895] [206010000000015|nas] [debug] Configuration Update Command received
[2025-03-09 09:39:31.895] [206010000000011|nas] [debug] Configuration Update Command received
[2025-03-09 09:39:31.895] [206010000000018|nas] [debug] Configuration Update Command received
[2025-03-09 09:39:31.895] [206010000000010|nas] [debug] Configuration Update Command received
[2025-03-09 09:39:31.895] [206010000000009|nas] [debug] Configuration Update Command received
[2025-03-09 09:39:31.903] [206010000000014|nas] [debug] Configuration Update Command received
[2025-03-09 09:39:32.806] [206010000000014|nas] [debug] PDU Session Establishment Accept received
[2025-03-09 09:39:32.806] [206010000000014|nas] [info] PDU Session establishment is successful PSI[1]
[2025-03-09 09:39:32.814] [206010000000014|app] [info] Connection setup for PDU session[1] is successful, TUN interface[uesimtun0, 43.0.64.3] is up.
[2025-03-09 09:39:32.830] [206010000000010|nas] [debug] PDU Session Establishment Accept received
[2025-03-09 09:39:32.830] [206010000000010|nas] [info] PDU Session establishment is successful PSI[1]
[2025-03-09 09:39:32.842] [206010000000010|app] [info] Connection setup for PDU session[1] is successful, TUN interface[uesimtun1, 43.0.64.5] is up.
[2025-03-09 09:39:32.843] [206010000000017|nas] [debug] PDU Session Establishment Accept received
[2025-03-09 09:39:32.843] [206010000000017|nas] [info] PDU Session establishment is successful PSI[1]
[2025-03-09 09:39:32.847] [206010000000013|nas] [debug] PDU Session Establishment Accept received
[2025-03-09 09:39:32.847] [206010000000013|nas] [info] PDU Session establishment is successful PSI[1]
[2025-03-09 09:39:32.857] [206010000000012|nas] [debug] PDU Session Establishment Accept received
[2025-03-09 09:39:32.857] [206010000000012|nas] [info] PDU Session establishment is successful PSI[1]
[2025-03-09 09:39:32.862] [206010000000017|app] [info] Connection setup for PDU session[1] is successful, TUN interface[uesimtun2, 43.0.32.3] is up.
[2025-03-09 09:39:32.870] [206010000000013|app] [info] Connection setup for PDU session[1] is successful, TUN interface[uesimtun3, 43.0.64.2] is up.
[2025-03-09 09:39:32.879] [206010000000016|nas] [debug] PDU Session Establishment Accept received
[2025-03-09 09:39:32.879] [206010000000016|nas] [info] PDU Session establishment is successful PSI[1]
[2025-03-09 09:39:32.893] [206010000000012|app] [info] Connection setup for PDU session[1] is successful, TUN interface[uesimtun4, 43.0.64.1] is up.
[2025-03-09 09:39:32.897] [206010000000009|nas] [debug] PDU Session Establishment Accept received
[2025-03-09 09:39:32.897] [206010000000009|nas] [info] PDU Session establishment is successful PSI[1]
[2025-03-09 09:39:32.897] [206010000000011|nas] [debug] PDU Session Establishment Accept received
[2025-03-09 09:39:32.897] [206010000000011|nas] [info] PDU Session establishment is successful PSI[1]
[2025-03-09 09:39:32.903] [206010000000016|app] [info] Connection setup for PDU session[1] is successful, TUN interface[uesimtun5, 43.0.32.1] is up.
[2025-03-09 09:39:32.913] [206010000000018|nas] [debug] PDU Session Establishment Accept received
[2025-03-09 09:39:32.913] [206010000000018|nas] [info] PDU Session establishment is successful PSI[1]
[2025-03-09 09:39:32.913] [206010000000015|nas] [debug] PDU Session Establishment Accept received
[2025-03-09 09:39:32.913] [206010000000015|nas] [info] PDU Session establishment is successful PSI[1]
[2025-03-09 09:39:32.924] [206010000000009|app] [info] Connection setup for PDU session[1] is successful, TUN interface[uesimtun6, 43.0.32.5] is up.
[2025-03-09 09:39:32.933] [206010000000011|app] [info] Connection setup for PDU session[1] is successful, TUN interface[uesimtun7, 43.0.32.4] is up.
[2025-03-09 09:39:32.951] [206010000000015|app] [info] Connection setup for PDU session[1] is successful, TUN interface[uesimtun8, 43.0.64.4] is up.
[2025-03-09 09:39:32.975] [206010000000018|app] [info] Connection setup for PDU session[1] is successful, TUN interface[uesimtun9, 43.0.32.2] is up.
